<?xml version="1.0" encoding="UTF-8"?>
<!-- Generated by org.testng.reporters.JUnitXMLReporter -->
<testsuite ignored="16" hostname="LAPTOP-CCP14ABS" failures="0" tests="9" name="Test" time="8.172" errors="0" timestamp="2024-05-02T17:10:43 IST">
  <testcase classname="bastisapp.base.BaseTest" name="@BeforeMethod launchBrowser" time="2.4">
    <failure type="org.openqa.selenium.SessionNotCreatedException" message="session not created: This version of ChromeDriver only supports Chrome version 120
Current browser version is 124.0.6367.63 with binary path C:\Program Files\Google\Chrome\Application\chrome.exe
Build info: version: &amp;apos;3.141.59&amp;apos;, revision: &amp;apos;e82be7d358&amp;apos;, time: &amp;apos;2018-11-14T08:25:48&amp;apos;
System info: host: &amp;apos;LAPTOP-CCP14ABS&amp;apos;, ip: &amp;apos;192.168.129.148&amp;apos;, os.name: &amp;apos;Windows 11&amp;apos;, os.arch: &amp;apos;amd64&amp;apos;, os.version: &amp;apos;10.0&amp;apos;, java.version: &amp;apos;17.0.8.1&amp;apos;
Driver info: driver.version: ChromeDriver
remote stacktrace: 	GetHandleVerifier [0x00946EE3+174339]
	(No symbol) [0x00870A51]
	(No symbol) [0x00586FF6]
	(No symbol) [0x005AE912]
	(No symbol) [0x005AE150]
	(No symbol) [0x005AB6D4]
	(No symbol) [0x005A7A0F]
	(No symbol) [0x005DE259]
	(No symbol) [0x005DDBBA]
	(No symbol) [0x005D6DA6]
	(No symbol) [0x005B1034]
	(No symbol) [0x005B1F8D]
	GetHandleVerifier [0x009E4B1C+820540]
	sqlite3_dbdata_init [0x00AA53EE+653550]
	sqlite3_dbdata_init [0x00AA4E09+652041]
	sqlite3_dbdata_init [0x00A997CC+605388]
	sqlite3_dbdata_init [0x00AA5D9B+656027]
	(No symbol) [0x0087FE6C]
	(No symbol) [0x008783B8]
	(No symbol) [0x008784DD]
	(No symbol) [0x00865818]
	BaseThreadInitThunk [0x758D7BA9+25]
	RtlInitializeExceptionChain [0x7738BE3B+107]
	RtlClearBits [0x7738BDBF+191]
">
      <![CDATA[org.openqa.selenium.SessionNotCreatedException: session not created: This version of ChromeDriver only supports Chrome version 120
Current browser version is 124.0.6367.63 with binary path C:\Program Files\Google\Chrome\Application\chrome.exe
Build info: version: '3.141.59', revision: 'e82be7d358', time: '2018-11-14T08:25:48'
System info: host: 'LAPTOP-CCP14ABS', ip: '192.168.129.148', os.name: 'Windows 11', os.arch: 'amd64', os.version: '10.0', java.version: '17.0.8.1'
Driver info: driver.version: ChromeDriver
remote stacktrace: GetHandleVerifier [0x00946EE3+174339]
(No symbol) [0x00870A51]
(No symbol) [0x00586FF6]
(No symbol) [0x005AE912]
(No symbol) [0x005AE150]
(No symbol) [0x005AB6D4]
(No symbol) [0x005A7A0F]
(No symbol) [0x005DE259]
(No symbol) [0x005DDBBA]
(No symbol) [0x005D6DA6]
(No symbol) [0x005B1034]
(No symbol) [0x005B1F8D]
GetHandleVerifier [0x009E4B1C+820540]
sqlite3_dbdata_init [0x00AA53EE+653550]
sqlite3_dbdata_init [0x00AA4E09+652041]
sqlite3_dbdata_init [0x00A997CC+605388]
sqlite3_dbdata_init [0x00AA5D9B+656027]
(No symbol) [0x0087FE6C]
(No symbol) [0x008783B8]
(No symbol) [0x008784DD]
(No symbol) [0x00865818]
BaseThreadInitThunk [0x758D7BA9+25]
RtlInitializeExceptionChain [0x7738BE3B+107]
RtlClearBits [0x7738BDBF+191]

at org.openqa.selenium.remote.W3CHandshakeResponse.lambda$errorHandler$0(W3CHandshakeResponse.java:62)
at org.openqa.selenium.remote.HandshakeResponse.lambda$getResponseFunction$0(HandshakeResponse.java:30)
at org.openqa.selenium.remote.ProtocolHandshake.lambda$createSession$0(ProtocolHandshake.java:126)
at java.base/java.util.stream.ReferencePipeline$3$1.accept(ReferencePipeline.java:197)
at java.base/java.util.Spliterators$ArraySpliterator.tryAdvance(Spliterators.java:1002)
at java.base/java.util.stream.ReferencePipeline.forEachWithCancel(ReferencePipeline.java:129)
at java.base/java.util.stream.AbstractPipeline.copyIntoWithCancel(AbstractPipeline.java:527)
at java.base/java.util.stream.AbstractPipeline.copyInto(AbstractPipeline.java:513)
at java.base/java.util.stream.AbstractPipeline.wrapAndCopyInto(AbstractPipeline.java:499)
at java.base/java.util.stream.FindOps$FindOp.evaluateSequential(FindOps.java:150)
at java.base/java.util.stream.AbstractPipeline.evaluate(AbstractPipeline.java:234)
at java.base/java.util.stream.ReferencePipeline.findFirst(ReferencePipeline.java:647)
at org.openqa.selenium.remote.ProtocolHandshake.createSession(ProtocolHandshake.java:128)
at org.openqa.selenium.remote.ProtocolHandshake.createSession(ProtocolHandshake.java:74)
at org.openqa.selenium.remote.HttpCommandExecutor.execute(HttpCommandExecutor.java:136)
at org.openqa.selenium.remote.service.DriverCommandExecutor.execute(DriverCommandExecutor.java:83)
at org.openqa.selenium.remote.RemoteWebDriver.execute(RemoteWebDriver.java:552)
at org.openqa.selenium.remote.RemoteWebDriver.startSession(RemoteWebDriver.java:213)
at org.openqa.selenium.remote.RemoteWebDriver.<init>(RemoteWebDriver.java:131)
at org.openqa.selenium.chrome.ChromeDriver.<init>(ChromeDriver.java:181)
at org.openqa.selenium.chrome.ChromeDriver.<init>(ChromeDriver.java:168)
at org.openqa.selenium.chrome.ChromeDriver.<init>(ChromeDriver.java:123)
at bastisapp.base.BaseTest.launchBrowser(BaseTest.java:49)
at java.base/java.util.ArrayList.forEach(ArrayList.java:1511)
... Removed 36 stack frames]]>
    </failure>
  </testcase> <!-- @BeforeMethod launchBrowser -->
  <testcase classname="bastisapp.base.BaseTest" name="@BeforeMethod launchApplication" time="0.0">
    <skipped/>
  </testcase> <!-- @BeforeMethod launchApplication -->
  <testcase classname="bastisapp.base.BaseTest" name="@AfterMethod closeBrowser" time="0.0">
    <skipped/>
  </testcase> <!-- @AfterMethod closeBrowser -->
  <testcase classname="bastisapp.base.BaseTest" name="@BeforeMethod launchBrowser" time="0.0">
    <skipped/>
  </testcase> <!-- @BeforeMethod launchBrowser -->
  <testcase classname="bastisapp.base.BaseTest" name="@BeforeMethod launchApplication" time="0.0">
    <skipped/>
  </testcase> <!-- @BeforeMethod launchApplication -->
  <testcase classname="bastisapp.base.BaseTest" name="@AfterMethod closeBrowser" time="0.0">
    <skipped/>
  </testcase> <!-- @AfterMethod closeBrowser -->
  <testcase classname="bastisapp.base.BaseTest" name="@BeforeMethod launchBrowser" time="0.802">
    <failure type="org.openqa.selenium.SessionNotCreatedException" message="session not created: This version of ChromeDriver only supports Chrome version 120
Current browser version is 124.0.6367.63 with binary path C:\Program Files\Google\Chrome\Application\chrome.exe
Build info: version: &amp;apos;3.141.59&amp;apos;, revision: &amp;apos;e82be7d358&amp;apos;, time: &amp;apos;2018-11-14T08:25:48&amp;apos;
System info: host: &amp;apos;LAPTOP-CCP14ABS&amp;apos;, ip: &amp;apos;192.168.129.148&amp;apos;, os.name: &amp;apos;Windows 11&amp;apos;, os.arch: &amp;apos;amd64&amp;apos;, os.version: &amp;apos;10.0&amp;apos;, java.version: &amp;apos;17.0.8.1&amp;apos;
Driver info: driver.version: ChromeDriver
remote stacktrace: 	GetHandleVerifier [0x00946EE3+174339]
	(No symbol) [0x00870A51]
	(No symbol) [0x00586FF6]
	(No symbol) [0x005AE912]
	(No symbol) [0x005AE150]
	(No symbol) [0x005AB6D4]
	(No symbol) [0x005A7A0F]
	(No symbol) [0x005DE259]
	(No symbol) [0x005DDBBA]
	(No symbol) [0x005D6DA6]
	(No symbol) [0x005B1034]
	(No symbol) [0x005B1F8D]
	GetHandleVerifier [0x009E4B1C+820540]
	sqlite3_dbdata_init [0x00AA53EE+653550]
	sqlite3_dbdata_init [0x00AA4E09+652041]
	sqlite3_dbdata_init [0x00A997CC+605388]
	sqlite3_dbdata_init [0x00AA5D9B+656027]
	(No symbol) [0x0087FE6C]
	(No symbol) [0x008783B8]
	(No symbol) [0x008784DD]
	(No symbol) [0x00865818]
	BaseThreadInitThunk [0x758D7BA9+25]
	RtlInitializeExceptionChain [0x7738BE3B+107]
	RtlClearBits [0x7738BDBF+191]
">
      <![CDATA[org.openqa.selenium.SessionNotCreatedException: session not created: This version of ChromeDriver only supports Chrome version 120
Current browser version is 124.0.6367.63 with binary path C:\Program Files\Google\Chrome\Application\chrome.exe
Build info: version: '3.141.59', revision: 'e82be7d358', time: '2018-11-14T08:25:48'
System info: host: 'LAPTOP-CCP14ABS', ip: '192.168.129.148', os.name: 'Windows 11', os.arch: 'amd64', os.version: '10.0', java.version: '17.0.8.1'
Driver info: driver.version: ChromeDriver
remote stacktrace: GetHandleVerifier [0x00946EE3+174339]
(No symbol) [0x00870A51]
(No symbol) [0x00586FF6]
(No symbol) [0x005AE912]
(No symbol) [0x005AE150]
(No symbol) [0x005AB6D4]
(No symbol) [0x005A7A0F]
(No symbol) [0x005DE259]
(No symbol) [0x005DDBBA]
(No symbol) [0x005D6DA6]
(No symbol) [0x005B1034]
(No symbol) [0x005B1F8D]
GetHandleVerifier [0x009E4B1C+820540]
sqlite3_dbdata_init [0x00AA53EE+653550]
sqlite3_dbdata_init [0x00AA4E09+652041]
sqlite3_dbdata_init [0x00A997CC+605388]
sqlite3_dbdata_init [0x00AA5D9B+656027]
(No symbol) [0x0087FE6C]
(No symbol) [0x008783B8]
(No symbol) [0x008784DD]
(No symbol) [0x00865818]
BaseThreadInitThunk [0x758D7BA9+25]
RtlInitializeExceptionChain [0x7738BE3B+107]
RtlClearBits [0x7738BDBF+191]

at org.openqa.selenium.remote.W3CHandshakeResponse.lambda$errorHandler$0(W3CHandshakeResponse.java:62)
at org.openqa.selenium.remote.HandshakeResponse.lambda$getResponseFunction$0(HandshakeResponse.java:30)
at org.openqa.selenium.remote.ProtocolHandshake.lambda$createSession$0(ProtocolHandshake.java:126)
at java.base/java.util.stream.ReferencePipeline$3$1.accept(ReferencePipeline.java:197)
at java.base/java.util.Spliterators$ArraySpliterator.tryAdvance(Spliterators.java:1002)
at java.base/java.util.stream.ReferencePipeline.forEachWithCancel(ReferencePipeline.java:129)
at java.base/java.util.stream.AbstractPipeline.copyIntoWithCancel(AbstractPipeline.java:527)
at java.base/java.util.stream.AbstractPipeline.copyInto(AbstractPipeline.java:513)
at java.base/java.util.stream.AbstractPipeline.wrapAndCopyInto(AbstractPipeline.java:499)
at java.base/java.util.stream.FindOps$FindOp.evaluateSequential(FindOps.java:150)
at java.base/java.util.stream.AbstractPipeline.evaluate(AbstractPipeline.java:234)
at java.base/java.util.stream.ReferencePipeline.findFirst(ReferencePipeline.java:647)
at org.openqa.selenium.remote.ProtocolHandshake.createSession(ProtocolHandshake.java:128)
at org.openqa.selenium.remote.ProtocolHandshake.createSession(ProtocolHandshake.java:74)
at org.openqa.selenium.remote.HttpCommandExecutor.execute(HttpCommandExecutor.java:136)
at org.openqa.selenium.remote.service.DriverCommandExecutor.execute(DriverCommandExecutor.java:83)
at org.openqa.selenium.remote.RemoteWebDriver.execute(RemoteWebDriver.java:552)
at org.openqa.selenium.remote.RemoteWebDriver.startSession(RemoteWebDriver.java:213)
at org.openqa.selenium.remote.RemoteWebDriver.<init>(RemoteWebDriver.java:131)
at org.openqa.selenium.chrome.ChromeDriver.<init>(ChromeDriver.java:181)
at org.openqa.selenium.chrome.ChromeDriver.<init>(ChromeDriver.java:168)
at org.openqa.selenium.chrome.ChromeDriver.<init>(ChromeDriver.java:123)
at bastisapp.base.BaseTest.launchBrowser(BaseTest.java:49)
at java.base/java.util.ArrayList.forEach(ArrayList.java:1511)
... Removed 36 stack frames]]>
    </failure>
  </testcase> <!-- @BeforeMethod launchBrowser -->
  <testcase classname="bastisapp.base.BaseTest" name="@BeforeMethod launchApplication" time="0.0">
    <skipped/>
  </testcase> <!-- @BeforeMethod launchApplication -->
  <testcase classname="bastisapp.base.BaseTest" name="@AfterMethod closeBrowser" time="0.0">
    <skipped/>
  </testcase> <!-- @AfterMethod closeBrowser -->
  <testcase classname="bastisapp.base.BaseTest" name="@BeforeMethod launchBrowser" time="0.812">
    <failure type="org.openqa.selenium.SessionNotCreatedException" message="session not created: This version of ChromeDriver only supports Chrome version 120
Current browser version is 124.0.6367.63 with binary path C:\Program Files\Google\Chrome\Application\chrome.exe
Build info: version: &amp;apos;3.141.59&amp;apos;, revision: &amp;apos;e82be7d358&amp;apos;, time: &amp;apos;2018-11-14T08:25:48&amp;apos;
System info: host: &amp;apos;LAPTOP-CCP14ABS&amp;apos;, ip: &amp;apos;192.168.129.148&amp;apos;, os.name: &amp;apos;Windows 11&amp;apos;, os.arch: &amp;apos;amd64&amp;apos;, os.version: &amp;apos;10.0&amp;apos;, java.version: &amp;apos;17.0.8.1&amp;apos;
Driver info: driver.version: ChromeDriver
remote stacktrace: 	GetHandleVerifier [0x00946EE3+174339]
	(No symbol) [0x00870A51]
	(No symbol) [0x00586FF6]
	(No symbol) [0x005AE912]
	(No symbol) [0x005AE150]
	(No symbol) [0x005AB6D4]
	(No symbol) [0x005A7A0F]
	(No symbol) [0x005DE259]
	(No symbol) [0x005DDBBA]
	(No symbol) [0x005D6DA6]
	(No symbol) [0x005B1034]
	(No symbol) [0x005B1F8D]
	GetHandleVerifier [0x009E4B1C+820540]
	sqlite3_dbdata_init [0x00AA53EE+653550]
	sqlite3_dbdata_init [0x00AA4E09+652041]
	sqlite3_dbdata_init [0x00A997CC+605388]
	sqlite3_dbdata_init [0x00AA5D9B+656027]
	(No symbol) [0x0087FE6C]
	(No symbol) [0x008783B8]
	(No symbol) [0x008784DD]
	(No symbol) [0x00865818]
	BaseThreadInitThunk [0x758D7BA9+25]
	RtlInitializeExceptionChain [0x7738BE3B+107]
	RtlClearBits [0x7738BDBF+191]
">
      <![CDATA[org.openqa.selenium.SessionNotCreatedException: session not created: This version of ChromeDriver only supports Chrome version 120
Current browser version is 124.0.6367.63 with binary path C:\Program Files\Google\Chrome\Application\chrome.exe
Build info: version: '3.141.59', revision: 'e82be7d358', time: '2018-11-14T08:25:48'
System info: host: 'LAPTOP-CCP14ABS', ip: '192.168.129.148', os.name: 'Windows 11', os.arch: 'amd64', os.version: '10.0', java.version: '17.0.8.1'
Driver info: driver.version: ChromeDriver
remote stacktrace: GetHandleVerifier [0x00946EE3+174339]
(No symbol) [0x00870A51]
(No symbol) [0x00586FF6]
(No symbol) [0x005AE912]
(No symbol) [0x005AE150]
(No symbol) [0x005AB6D4]
(No symbol) [0x005A7A0F]
(No symbol) [0x005DE259]
(No symbol) [0x005DDBBA]
(No symbol) [0x005D6DA6]
(No symbol) [0x005B1034]
(No symbol) [0x005B1F8D]
GetHandleVerifier [0x009E4B1C+820540]
sqlite3_dbdata_init [0x00AA53EE+653550]
sqlite3_dbdata_init [0x00AA4E09+652041]
sqlite3_dbdata_init [0x00A997CC+605388]
sqlite3_dbdata_init [0x00AA5D9B+656027]
(No symbol) [0x0087FE6C]
(No symbol) [0x008783B8]
(No symbol) [0x008784DD]
(No symbol) [0x00865818]
BaseThreadInitThunk [0x758D7BA9+25]
RtlInitializeExceptionChain [0x7738BE3B+107]
RtlClearBits [0x7738BDBF+191]

at org.openqa.selenium.remote.W3CHandshakeResponse.lambda$errorHandler$0(W3CHandshakeResponse.java:62)
at org.openqa.selenium.remote.HandshakeResponse.lambda$getResponseFunction$0(HandshakeResponse.java:30)
at org.openqa.selenium.remote.ProtocolHandshake.lambda$createSession$0(ProtocolHandshake.java:126)
at java.base/java.util.stream.ReferencePipeline$3$1.accept(ReferencePipeline.java:197)
at java.base/java.util.Spliterators$ArraySpliterator.tryAdvance(Spliterators.java:1002)
at java.base/java.util.stream.ReferencePipeline.forEachWithCancel(ReferencePipeline.java:129)
at java.base/java.util.stream.AbstractPipeline.copyIntoWithCancel(AbstractPipeline.java:527)
at java.base/java.util.stream.AbstractPipeline.copyInto(AbstractPipeline.java:513)
at java.base/java.util.stream.AbstractPipeline.wrapAndCopyInto(AbstractPipeline.java:499)
at java.base/java.util.stream.FindOps$FindOp.evaluateSequential(FindOps.java:150)
at java.base/java.util.stream.AbstractPipeline.evaluate(AbstractPipeline.java:234)
at java.base/java.util.stream.ReferencePipeline.findFirst(ReferencePipeline.java:647)
at org.openqa.selenium.remote.ProtocolHandshake.createSession(ProtocolHandshake.java:128)
at org.openqa.selenium.remote.ProtocolHandshake.createSession(ProtocolHandshake.java:74)
at org.openqa.selenium.remote.HttpCommandExecutor.execute(HttpCommandExecutor.java:136)
at org.openqa.selenium.remote.service.DriverCommandExecutor.execute(DriverCommandExecutor.java:83)
at org.openqa.selenium.remote.RemoteWebDriver.execute(RemoteWebDriver.java:552)
at org.openqa.selenium.remote.RemoteWebDriver.startSession(RemoteWebDriver.java:213)
at org.openqa.selenium.remote.RemoteWebDriver.<init>(RemoteWebDriver.java:131)
at org.openqa.selenium.chrome.ChromeDriver.<init>(ChromeDriver.java:181)
at org.openqa.selenium.chrome.ChromeDriver.<init>(ChromeDriver.java:168)
at org.openqa.selenium.chrome.ChromeDriver.<init>(ChromeDriver.java:123)
at bastisapp.base.BaseTest.launchBrowser(BaseTest.java:49)
at java.base/java.util.ArrayList.forEach(ArrayList.java:1511)
... Removed 36 stack frames]]>
    </failure>
  </testcase> <!-- @BeforeMethod launchBrowser -->
  <testcase classname="bastisapp.base.BaseTest" name="@BeforeMethod launchApplication" time="0.0">
    <skipped/>
  </testcase> <!-- @BeforeMethod launchApplication -->
  <testcase classname="bastisapp.base.BaseTest" name="@AfterMethod closeBrowser" time="0.0">
    <skipped/>
  </testcase> <!-- @AfterMethod closeBrowser -->
  <testcase classname="bastisapp.base.BaseTest" name="@BeforeMethod launchBrowser" time="0.852">
    <failure type="org.openqa.selenium.SessionNotCreatedException" message="session not created: This version of ChromeDriver only supports Chrome version 120
Current browser version is 124.0.6367.63 with binary path C:\Program Files\Google\Chrome\Application\chrome.exe
Build info: version: &amp;apos;3.141.59&amp;apos;, revision: &amp;apos;e82be7d358&amp;apos;, time: &amp;apos;2018-11-14T08:25:48&amp;apos;
System info: host: &amp;apos;LAPTOP-CCP14ABS&amp;apos;, ip: &amp;apos;192.168.129.148&amp;apos;, os.name: &amp;apos;Windows 11&amp;apos;, os.arch: &amp;apos;amd64&amp;apos;, os.version: &amp;apos;10.0&amp;apos;, java.version: &amp;apos;17.0.8.1&amp;apos;
Driver info: driver.version: ChromeDriver
remote stacktrace: 	GetHandleVerifier [0x00946EE3+174339]
	(No symbol) [0x00870A51]
	(No symbol) [0x00586FF6]
	(No symbol) [0x005AE912]
	(No symbol) [0x005AE150]
	(No symbol) [0x005AB6D4]
	(No symbol) [0x005A7A0F]
	(No symbol) [0x005DE259]
	(No symbol) [0x005DDBBA]
	(No symbol) [0x005D6DA6]
	(No symbol) [0x005B1034]
	(No symbol) [0x005B1F8D]
	GetHandleVerifier [0x009E4B1C+820540]
	sqlite3_dbdata_init [0x00AA53EE+653550]
	sqlite3_dbdata_init [0x00AA4E09+652041]
	sqlite3_dbdata_init [0x00A997CC+605388]
	sqlite3_dbdata_init [0x00AA5D9B+656027]
	(No symbol) [0x0087FE6C]
	(No symbol) [0x008783B8]
	(No symbol) [0x008784DD]
	(No symbol) [0x00865818]
	BaseThreadInitThunk [0x758D7BA9+25]
	RtlInitializeExceptionChain [0x7738BE3B+107]
	RtlClearBits [0x7738BDBF+191]
">
      <![CDATA[org.openqa.selenium.SessionNotCreatedException: session not created: This version of ChromeDriver only supports Chrome version 120
Current browser version is 124.0.6367.63 with binary path C:\Program Files\Google\Chrome\Application\chrome.exe
Build info: version: '3.141.59', revision: 'e82be7d358', time: '2018-11-14T08:25:48'
System info: host: 'LAPTOP-CCP14ABS', ip: '192.168.129.148', os.name: 'Windows 11', os.arch: 'amd64', os.version: '10.0', java.version: '17.0.8.1'
Driver info: driver.version: ChromeDriver
remote stacktrace: GetHandleVerifier [0x00946EE3+174339]
(No symbol) [0x00870A51]
(No symbol) [0x00586FF6]
(No symbol) [0x005AE912]
(No symbol) [0x005AE150]
(No symbol) [0x005AB6D4]
(No symbol) [0x005A7A0F]
(No symbol) [0x005DE259]
(No symbol) [0x005DDBBA]
(No symbol) [0x005D6DA6]
(No symbol) [0x005B1034]
(No symbol) [0x005B1F8D]
GetHandleVerifier [0x009E4B1C+820540]
sqlite3_dbdata_init [0x00AA53EE+653550]
sqlite3_dbdata_init [0x00AA4E09+652041]
sqlite3_dbdata_init [0x00A997CC+605388]
sqlite3_dbdata_init [0x00AA5D9B+656027]
(No symbol) [0x0087FE6C]
(No symbol) [0x008783B8]
(No symbol) [0x008784DD]
(No symbol) [0x00865818]
BaseThreadInitThunk [0x758D7BA9+25]
RtlInitializeExceptionChain [0x7738BE3B+107]
RtlClearBits [0x7738BDBF+191]

at org.openqa.selenium.remote.W3CHandshakeResponse.lambda$errorHandler$0(W3CHandshakeResponse.java:62)
at org.openqa.selenium.remote.HandshakeResponse.lambda$getResponseFunction$0(HandshakeResponse.java:30)
at org.openqa.selenium.remote.ProtocolHandshake.lambda$createSession$0(ProtocolHandshake.java:126)
at java.base/java.util.stream.ReferencePipeline$3$1.accept(ReferencePipeline.java:197)
at java.base/java.util.Spliterators$ArraySpliterator.tryAdvance(Spliterators.java:1002)
at java.base/java.util.stream.ReferencePipeline.forEachWithCancel(ReferencePipeline.java:129)
at java.base/java.util.stream.AbstractPipeline.copyIntoWithCancel(AbstractPipeline.java:527)
at java.base/java.util.stream.AbstractPipeline.copyInto(AbstractPipeline.java:513)
at java.base/java.util.stream.AbstractPipeline.wrapAndCopyInto(AbstractPipeline.java:499)
at java.base/java.util.stream.FindOps$FindOp.evaluateSequential(FindOps.java:150)
at java.base/java.util.stream.AbstractPipeline.evaluate(AbstractPipeline.java:234)
at java.base/java.util.stream.ReferencePipeline.findFirst(ReferencePipeline.java:647)
at org.openqa.selenium.remote.ProtocolHandshake.createSession(ProtocolHandshake.java:128)
at org.openqa.selenium.remote.ProtocolHandshake.createSession(ProtocolHandshake.java:74)
at org.openqa.selenium.remote.HttpCommandExecutor.execute(HttpCommandExecutor.java:136)
at org.openqa.selenium.remote.service.DriverCommandExecutor.execute(DriverCommandExecutor.java:83)
at org.openqa.selenium.remote.RemoteWebDriver.execute(RemoteWebDriver.java:552)
at org.openqa.selenium.remote.RemoteWebDriver.startSession(RemoteWebDriver.java:213)
at org.openqa.selenium.remote.RemoteWebDriver.<init>(RemoteWebDriver.java:131)
at org.openqa.selenium.chrome.ChromeDriver.<init>(ChromeDriver.java:181)
at org.openqa.selenium.chrome.ChromeDriver.<init>(ChromeDriver.java:168)
at org.openqa.selenium.chrome.ChromeDriver.<init>(ChromeDriver.java:123)
at bastisapp.base.BaseTest.launchBrowser(BaseTest.java:49)
at java.base/java.util.ArrayList.forEach(ArrayList.java:1511)
... Removed 36 stack frames]]>
    </failure>
  </testcase> <!-- @BeforeMethod launchBrowser -->
  <testcase classname="bastisapp.base.BaseTest" name="@BeforeMethod launchApplication" time="0.0">
    <skipped/>
  </testcase> <!-- @BeforeMethod launchApplication -->
  <testcase classname="bastisapp.base.BaseTest" name="@AfterMethod closeBrowser" time="0.0">
    <skipped/>
  </testcase> <!-- @AfterMethod closeBrowser -->
  <testcase classname="bastisapp.base.BaseTest" name="@BeforeMethod launchBrowser" time="0.838">
    <failure type="org.openqa.selenium.SessionNotCreatedException" message="session not created: This version of ChromeDriver only supports Chrome version 120
Current browser version is 124.0.6367.63 with binary path C:\Program Files\Google\Chrome\Application\chrome.exe
Build info: version: &amp;apos;3.141.59&amp;apos;, revision: &amp;apos;e82be7d358&amp;apos;, time: &amp;apos;2018-11-14T08:25:48&amp;apos;
System info: host: &amp;apos;LAPTOP-CCP14ABS&amp;apos;, ip: &amp;apos;192.168.129.148&amp;apos;, os.name: &amp;apos;Windows 11&amp;apos;, os.arch: &amp;apos;amd64&amp;apos;, os.version: &amp;apos;10.0&amp;apos;, java.version: &amp;apos;17.0.8.1&amp;apos;
Driver info: driver.version: ChromeDriver
remote stacktrace: 	GetHandleVerifier [0x00946EE3+174339]
	(No symbol) [0x00870A51]
	(No symbol) [0x00586FF6]
	(No symbol) [0x005AE912]
	(No symbol) [0x005AE150]
	(No symbol) [0x005AB6D4]
	(No symbol) [0x005A7A0F]
	(No symbol) [0x005DE259]
	(No symbol) [0x005DDBBA]
	(No symbol) [0x005D6DA6]
	(No symbol) [0x005B1034]
	(No symbol) [0x005B1F8D]
	GetHandleVerifier [0x009E4B1C+820540]
	sqlite3_dbdata_init [0x00AA53EE+653550]
	sqlite3_dbdata_init [0x00AA4E09+652041]
	sqlite3_dbdata_init [0x00A997CC+605388]
	sqlite3_dbdata_init [0x00AA5D9B+656027]
	(No symbol) [0x0087FE6C]
	(No symbol) [0x008783B8]
	(No symbol) [0x008784DD]
	(No symbol) [0x00865818]
	BaseThreadInitThunk [0x758D7BA9+25]
	RtlInitializeExceptionChain [0x7738BE3B+107]
	RtlClearBits [0x7738BDBF+191]
">
      <![CDATA[org.openqa.selenium.SessionNotCreatedException: session not created: This version of ChromeDriver only supports Chrome version 120
Current browser version is 124.0.6367.63 with binary path C:\Program Files\Google\Chrome\Application\chrome.exe
Build info: version: '3.141.59', revision: 'e82be7d358', time: '2018-11-14T08:25:48'
System info: host: 'LAPTOP-CCP14ABS', ip: '192.168.129.148', os.name: 'Windows 11', os.arch: 'amd64', os.version: '10.0', java.version: '17.0.8.1'
Driver info: driver.version: ChromeDriver
remote stacktrace: GetHandleVerifier [0x00946EE3+174339]
(No symbol) [0x00870A51]
(No symbol) [0x00586FF6]
(No symbol) [0x005AE912]
(No symbol) [0x005AE150]
(No symbol) [0x005AB6D4]
(No symbol) [0x005A7A0F]
(No symbol) [0x005DE259]
(No symbol) [0x005DDBBA]
(No symbol) [0x005D6DA6]
(No symbol) [0x005B1034]
(No symbol) [0x005B1F8D]
GetHandleVerifier [0x009E4B1C+820540]
sqlite3_dbdata_init [0x00AA53EE+653550]
sqlite3_dbdata_init [0x00AA4E09+652041]
sqlite3_dbdata_init [0x00A997CC+605388]
sqlite3_dbdata_init [0x00AA5D9B+656027]
(No symbol) [0x0087FE6C]
(No symbol) [0x008783B8]
(No symbol) [0x008784DD]
(No symbol) [0x00865818]
BaseThreadInitThunk [0x758D7BA9+25]
RtlInitializeExceptionChain [0x7738BE3B+107]
RtlClearBits [0x7738BDBF+191]

at org.openqa.selenium.remote.W3CHandshakeResponse.lambda$errorHandler$0(W3CHandshakeResponse.java:62)
at org.openqa.selenium.remote.HandshakeResponse.lambda$getResponseFunction$0(HandshakeResponse.java:30)
at org.openqa.selenium.remote.ProtocolHandshake.lambda$createSession$0(ProtocolHandshake.java:126)
at java.base/java.util.stream.ReferencePipeline$3$1.accept(ReferencePipeline.java:197)
at java.base/java.util.Spliterators$ArraySpliterator.tryAdvance(Spliterators.java:1002)
at java.base/java.util.stream.ReferencePipeline.forEachWithCancel(ReferencePipeline.java:129)
at java.base/java.util.stream.AbstractPipeline.copyIntoWithCancel(AbstractPipeline.java:527)
at java.base/java.util.stream.AbstractPipeline.copyInto(AbstractPipeline.java:513)
at java.base/java.util.stream.AbstractPipeline.wrapAndCopyInto(AbstractPipeline.java:499)
at java.base/java.util.stream.FindOps$FindOp.evaluateSequential(FindOps.java:150)
at java.base/java.util.stream.AbstractPipeline.evaluate(AbstractPipeline.java:234)
at java.base/java.util.stream.ReferencePipeline.findFirst(ReferencePipeline.java:647)
at org.openqa.selenium.remote.ProtocolHandshake.createSession(ProtocolHandshake.java:128)
at org.openqa.selenium.remote.ProtocolHandshake.createSession(ProtocolHandshake.java:74)
at org.openqa.selenium.remote.HttpCommandExecutor.execute(HttpCommandExecutor.java:136)
at org.openqa.selenium.remote.service.DriverCommandExecutor.execute(DriverCommandExecutor.java:83)
at org.openqa.selenium.remote.RemoteWebDriver.execute(RemoteWebDriver.java:552)
at org.openqa.selenium.remote.RemoteWebDriver.startSession(RemoteWebDriver.java:213)
at org.openqa.selenium.remote.RemoteWebDriver.<init>(RemoteWebDriver.java:131)
at org.openqa.selenium.chrome.ChromeDriver.<init>(ChromeDriver.java:181)
at org.openqa.selenium.chrome.ChromeDriver.<init>(ChromeDriver.java:168)
at org.openqa.selenium.chrome.ChromeDriver.<init>(ChromeDriver.java:123)
at bastisapp.base.BaseTest.launchBrowser(BaseTest.java:49)
at java.base/java.util.ArrayList.forEach(ArrayList.java:1511)
... Removed 36 stack frames]]>
    </failure>
  </testcase> <!-- @BeforeMethod launchBrowser -->
  <testcase classname="bastisapp.base.BaseTest" name="@BeforeMethod launchApplication" time="0.0">
    <skipped/>
  </testcase> <!-- @BeforeMethod launchApplication -->
  <testcase classname="bastisapp.base.BaseTest" name="@AfterMethod closeBrowser" time="0.0">
    <skipped/>
  </testcase> <!-- @AfterMethod closeBrowser -->
  <testcase classname="bastisapp.base.BaseTest" name="@BeforeMethod launchBrowser" time="0.794">
    <failure type="org.openqa.selenium.SessionNotCreatedException" message="session not created: This version of ChromeDriver only supports Chrome version 120
Current browser version is 124.0.6367.63 with binary path C:\Program Files\Google\Chrome\Application\chrome.exe
Build info: version: &amp;apos;3.141.59&amp;apos;, revision: &amp;apos;e82be7d358&amp;apos;, time: &amp;apos;2018-11-14T08:25:48&amp;apos;
System info: host: &amp;apos;LAPTOP-CCP14ABS&amp;apos;, ip: &amp;apos;192.168.129.148&amp;apos;, os.name: &amp;apos;Windows 11&amp;apos;, os.arch: &amp;apos;amd64&amp;apos;, os.version: &amp;apos;10.0&amp;apos;, java.version: &amp;apos;17.0.8.1&amp;apos;
Driver info: driver.version: ChromeDriver
remote stacktrace: 	GetHandleVerifier [0x00946EE3+174339]
	(No symbol) [0x00870A51]
	(No symbol) [0x00586FF6]
	(No symbol) [0x005AE912]
	(No symbol) [0x005AE150]
	(No symbol) [0x005AB6D4]
	(No symbol) [0x005A7A0F]
	(No symbol) [0x005DE259]
	(No symbol) [0x005DDBBA]
	(No symbol) [0x005D6DA6]
	(No symbol) [0x005B1034]
	(No symbol) [0x005B1F8D]
	GetHandleVerifier [0x009E4B1C+820540]
	sqlite3_dbdata_init [0x00AA53EE+653550]
	sqlite3_dbdata_init [0x00AA4E09+652041]
	sqlite3_dbdata_init [0x00A997CC+605388]
	sqlite3_dbdata_init [0x00AA5D9B+656027]
	(No symbol) [0x0087FE6C]
	(No symbol) [0x008783B8]
	(No symbol) [0x008784DD]
	(No symbol) [0x00865818]
	BaseThreadInitThunk [0x758D7BA9+25]
	RtlInitializeExceptionChain [0x7738BE3B+107]
	RtlClearBits [0x7738BDBF+191]
">
      <![CDATA[org.openqa.selenium.SessionNotCreatedException: session not created: This version of ChromeDriver only supports Chrome version 120
Current browser version is 124.0.6367.63 with binary path C:\Program Files\Google\Chrome\Application\chrome.exe
Build info: version: '3.141.59', revision: 'e82be7d358', time: '2018-11-14T08:25:48'
System info: host: 'LAPTOP-CCP14ABS', ip: '192.168.129.148', os.name: 'Windows 11', os.arch: 'amd64', os.version: '10.0', java.version: '17.0.8.1'
Driver info: driver.version: ChromeDriver
remote stacktrace: GetHandleVerifier [0x00946EE3+174339]
(No symbol) [0x00870A51]
(No symbol) [0x00586FF6]
(No symbol) [0x005AE912]
(No symbol) [0x005AE150]
(No symbol) [0x005AB6D4]
(No symbol) [0x005A7A0F]
(No symbol) [0x005DE259]
(No symbol) [0x005DDBBA]
(No symbol) [0x005D6DA6]
(No symbol) [0x005B1034]
(No symbol) [0x005B1F8D]
GetHandleVerifier [0x009E4B1C+820540]
sqlite3_dbdata_init [0x00AA53EE+653550]
sqlite3_dbdata_init [0x00AA4E09+652041]
sqlite3_dbdata_init [0x00A997CC+605388]
sqlite3_dbdata_init [0x00AA5D9B+656027]
(No symbol) [0x0087FE6C]
(No symbol) [0x008783B8]
(No symbol) [0x008784DD]
(No symbol) [0x00865818]
BaseThreadInitThunk [0x758D7BA9+25]
RtlInitializeExceptionChain [0x7738BE3B+107]
RtlClearBits [0x7738BDBF+191]

at org.openqa.selenium.remote.W3CHandshakeResponse.lambda$errorHandler$0(W3CHandshakeResponse.java:62)
at org.openqa.selenium.remote.HandshakeResponse.lambda$getResponseFunction$0(HandshakeResponse.java:30)
at org.openqa.selenium.remote.ProtocolHandshake.lambda$createSession$0(ProtocolHandshake.java:126)
at java.base/java.util.stream.ReferencePipeline$3$1.accept(ReferencePipeline.java:197)
at java.base/java.util.Spliterators$ArraySpliterator.tryAdvance(Spliterators.java:1002)
at java.base/java.util.stream.ReferencePipeline.forEachWithCancel(ReferencePipeline.java:129)
at java.base/java.util.stream.AbstractPipeline.copyIntoWithCancel(AbstractPipeline.java:527)
at java.base/java.util.stream.AbstractPipeline.copyInto(AbstractPipeline.java:513)
at java.base/java.util.stream.AbstractPipeline.wrapAndCopyInto(AbstractPipeline.java:499)
at java.base/java.util.stream.FindOps$FindOp.evaluateSequential(FindOps.java:150)
at java.base/java.util.stream.AbstractPipeline.evaluate(AbstractPipeline.java:234)
at java.base/java.util.stream.ReferencePipeline.findFirst(ReferencePipeline.java:647)
at org.openqa.selenium.remote.ProtocolHandshake.createSession(ProtocolHandshake.java:128)
at org.openqa.selenium.remote.ProtocolHandshake.createSession(ProtocolHandshake.java:74)
at org.openqa.selenium.remote.HttpCommandExecutor.execute(HttpCommandExecutor.java:136)
at org.openqa.selenium.remote.service.DriverCommandExecutor.execute(DriverCommandExecutor.java:83)
at org.openqa.selenium.remote.RemoteWebDriver.execute(RemoteWebDriver.java:552)
at org.openqa.selenium.remote.RemoteWebDriver.startSession(RemoteWebDriver.java:213)
at org.openqa.selenium.remote.RemoteWebDriver.<init>(RemoteWebDriver.java:131)
at org.openqa.selenium.chrome.ChromeDriver.<init>(ChromeDriver.java:181)
at org.openqa.selenium.chrome.ChromeDriver.<init>(ChromeDriver.java:168)
at org.openqa.selenium.chrome.ChromeDriver.<init>(ChromeDriver.java:123)
at bastisapp.base.BaseTest.launchBrowser(BaseTest.java:49)
at java.base/java.util.ArrayList.forEach(ArrayList.java:1511)
... Removed 36 stack frames]]>
    </failure>
  </testcase> <!-- @BeforeMethod launchBrowser -->
  <testcase classname="bastisapp.base.BaseTest" name="@BeforeMethod launchApplication" time="0.0">
    <skipped/>
  </testcase> <!-- @BeforeMethod launchApplication -->
  <testcase classname="bastisapp.base.BaseTest" name="@AfterMethod closeBrowser" time="0.0">
    <skipped/>
  </testcase> <!-- @AfterMethod closeBrowser -->
  <testcase classname="bastisapp.base.BaseTest" name="@BeforeMethod launchBrowser" time="0.767">
    <failure type="org.openqa.selenium.SessionNotCreatedException" message="session not created: This version of ChromeDriver only supports Chrome version 120
Current browser version is 124.0.6367.63 with binary path C:\Program Files\Google\Chrome\Application\chrome.exe
Build info: version: &amp;apos;3.141.59&amp;apos;, revision: &amp;apos;e82be7d358&amp;apos;, time: &amp;apos;2018-11-14T08:25:48&amp;apos;
System info: host: &amp;apos;LAPTOP-CCP14ABS&amp;apos;, ip: &amp;apos;192.168.129.148&amp;apos;, os.name: &amp;apos;Windows 11&amp;apos;, os.arch: &amp;apos;amd64&amp;apos;, os.version: &amp;apos;10.0&amp;apos;, java.version: &amp;apos;17.0.8.1&amp;apos;
Driver info: driver.version: ChromeDriver
remote stacktrace: 	GetHandleVerifier [0x00946EE3+174339]
	(No symbol) [0x00870A51]
	(No symbol) [0x00586FF6]
	(No symbol) [0x005AE912]
	(No symbol) [0x005AE150]
	(No symbol) [0x005AB6D4]
	(No symbol) [0x005A7A0F]
	(No symbol) [0x005DE259]
	(No symbol) [0x005DDBBA]
	(No symbol) [0x005D6DA6]
	(No symbol) [0x005B1034]
	(No symbol) [0x005B1F8D]
	GetHandleVerifier [0x009E4B1C+820540]
	sqlite3_dbdata_init [0x00AA53EE+653550]
	sqlite3_dbdata_init [0x00AA4E09+652041]
	sqlite3_dbdata_init [0x00A997CC+605388]
	sqlite3_dbdata_init [0x00AA5D9B+656027]
	(No symbol) [0x0087FE6C]
	(No symbol) [0x008783B8]
	(No symbol) [0x008784DD]
	(No symbol) [0x00865818]
	BaseThreadInitThunk [0x758D7BA9+25]
	RtlInitializeExceptionChain [0x7738BE3B+107]
	RtlClearBits [0x7738BDBF+191]
">
      <![CDATA[org.openqa.selenium.SessionNotCreatedException: session not created: This version of ChromeDriver only supports Chrome version 120
Current browser version is 124.0.6367.63 with binary path C:\Program Files\Google\Chrome\Application\chrome.exe
Build info: version: '3.141.59', revision: 'e82be7d358', time: '2018-11-14T08:25:48'
System info: host: 'LAPTOP-CCP14ABS', ip: '192.168.129.148', os.name: 'Windows 11', os.arch: 'amd64', os.version: '10.0', java.version: '17.0.8.1'
Driver info: driver.version: ChromeDriver
remote stacktrace: GetHandleVerifier [0x00946EE3+174339]
(No symbol) [0x00870A51]
(No symbol) [0x00586FF6]
(No symbol) [0x005AE912]
(No symbol) [0x005AE150]
(No symbol) [0x005AB6D4]
(No symbol) [0x005A7A0F]
(No symbol) [0x005DE259]
(No symbol) [0x005DDBBA]
(No symbol) [0x005D6DA6]
(No symbol) [0x005B1034]
(No symbol) [0x005B1F8D]
GetHandleVerifier [0x009E4B1C+820540]
sqlite3_dbdata_init [0x00AA53EE+653550]
sqlite3_dbdata_init [0x00AA4E09+652041]
sqlite3_dbdata_init [0x00A997CC+605388]
sqlite3_dbdata_init [0x00AA5D9B+656027]
(No symbol) [0x0087FE6C]
(No symbol) [0x008783B8]
(No symbol) [0x008784DD]
(No symbol) [0x00865818]
BaseThreadInitThunk [0x758D7BA9+25]
RtlInitializeExceptionChain [0x7738BE3B+107]
RtlClearBits [0x7738BDBF+191]

at org.openqa.selenium.remote.W3CHandshakeResponse.lambda$errorHandler$0(W3CHandshakeResponse.java:62)
at org.openqa.selenium.remote.HandshakeResponse.lambda$getResponseFunction$0(HandshakeResponse.java:30)
at org.openqa.selenium.remote.ProtocolHandshake.lambda$createSession$0(ProtocolHandshake.java:126)
at java.base/java.util.stream.ReferencePipeline$3$1.accept(ReferencePipeline.java:197)
at java.base/java.util.Spliterators$ArraySpliterator.tryAdvance(Spliterators.java:1002)
at java.base/java.util.stream.ReferencePipeline.forEachWithCancel(ReferencePipeline.java:129)
at java.base/java.util.stream.AbstractPipeline.copyIntoWithCancel(AbstractPipeline.java:527)
at java.base/java.util.stream.AbstractPipeline.copyInto(AbstractPipeline.java:513)
at java.base/java.util.stream.AbstractPipeline.wrapAndCopyInto(AbstractPipeline.java:499)
at java.base/java.util.stream.FindOps$FindOp.evaluateSequential(FindOps.java:150)
at java.base/java.util.stream.AbstractPipeline.evaluate(AbstractPipeline.java:234)
at java.base/java.util.stream.ReferencePipeline.findFirst(ReferencePipeline.java:647)
at org.openqa.selenium.remote.ProtocolHandshake.createSession(ProtocolHandshake.java:128)
at org.openqa.selenium.remote.ProtocolHandshake.createSession(ProtocolHandshake.java:74)
at org.openqa.selenium.remote.HttpCommandExecutor.execute(HttpCommandExecutor.java:136)
at org.openqa.selenium.remote.service.DriverCommandExecutor.execute(DriverCommandExecutor.java:83)
at org.openqa.selenium.remote.RemoteWebDriver.execute(RemoteWebDriver.java:552)
at org.openqa.selenium.remote.RemoteWebDriver.startSession(RemoteWebDriver.java:213)
at org.openqa.selenium.remote.RemoteWebDriver.<init>(RemoteWebDriver.java:131)
at org.openqa.selenium.chrome.ChromeDriver.<init>(ChromeDriver.java:181)
at org.openqa.selenium.chrome.ChromeDriver.<init>(ChromeDriver.java:168)
at org.openqa.selenium.chrome.ChromeDriver.<init>(ChromeDriver.java:123)
at bastisapp.base.BaseTest.launchBrowser(BaseTest.java:49)
at java.base/java.util.ArrayList.forEach(ArrayList.java:1511)
... Removed 36 stack frames]]>
    </failure>
  </testcase> <!-- @BeforeMethod launchBrowser -->
  <testcase classname="bastisapp.base.BaseTest" name="@BeforeMethod launchApplication" time="0.0">
    <skipped/>
  </testcase> <!-- @BeforeMethod launchApplication -->
  <testcase classname="bastisapp.base.BaseTest" name="@AfterMethod closeBrowser" time="0.0">
    <skipped/>
  </testcase> <!-- @AfterMethod closeBrowser -->
  <testcase classname="bastisapp.base.BaseTest" name="@BeforeMethod launchBrowser" time="0.786">
    <failure type="org.openqa.selenium.SessionNotCreatedException" message="session not created: This version of ChromeDriver only supports Chrome version 120
Current browser version is 124.0.6367.63 with binary path C:\Program Files\Google\Chrome\Application\chrome.exe
Build info: version: &amp;apos;3.141.59&amp;apos;, revision: &amp;apos;e82be7d358&amp;apos;, time: &amp;apos;2018-11-14T08:25:48&amp;apos;
System info: host: &amp;apos;LAPTOP-CCP14ABS&amp;apos;, ip: &amp;apos;192.168.129.148&amp;apos;, os.name: &amp;apos;Windows 11&amp;apos;, os.arch: &amp;apos;amd64&amp;apos;, os.version: &amp;apos;10.0&amp;apos;, java.version: &amp;apos;17.0.8.1&amp;apos;
Driver info: driver.version: ChromeDriver
remote stacktrace: 	GetHandleVerifier [0x00946EE3+174339]
	(No symbol) [0x00870A51]
	(No symbol) [0x00586FF6]
	(No symbol) [0x005AE912]
	(No symbol) [0x005AE150]
	(No symbol) [0x005AB6D4]
	(No symbol) [0x005A7A0F]
	(No symbol) [0x005DE259]
	(No symbol) [0x005DDBBA]
	(No symbol) [0x005D6DA6]
	(No symbol) [0x005B1034]
	(No symbol) [0x005B1F8D]
	GetHandleVerifier [0x009E4B1C+820540]
	sqlite3_dbdata_init [0x00AA53EE+653550]
	sqlite3_dbdata_init [0x00AA4E09+652041]
	sqlite3_dbdata_init [0x00A997CC+605388]
	sqlite3_dbdata_init [0x00AA5D9B+656027]
	(No symbol) [0x0087FE6C]
	(No symbol) [0x008783B8]
	(No symbol) [0x008784DD]
	(No symbol) [0x00865818]
	BaseThreadInitThunk [0x758D7BA9+25]
	RtlInitializeExceptionChain [0x7738BE3B+107]
	RtlClearBits [0x7738BDBF+191]
">
      <![CDATA[org.openqa.selenium.SessionNotCreatedException: session not created: This version of ChromeDriver only supports Chrome version 120
Current browser version is 124.0.6367.63 with binary path C:\Program Files\Google\Chrome\Application\chrome.exe
Build info: version: '3.141.59', revision: 'e82be7d358', time: '2018-11-14T08:25:48'
System info: host: 'LAPTOP-CCP14ABS', ip: '192.168.129.148', os.name: 'Windows 11', os.arch: 'amd64', os.version: '10.0', java.version: '17.0.8.1'
Driver info: driver.version: ChromeDriver
remote stacktrace: GetHandleVerifier [0x00946EE3+174339]
(No symbol) [0x00870A51]
(No symbol) [0x00586FF6]
(No symbol) [0x005AE912]
(No symbol) [0x005AE150]
(No symbol) [0x005AB6D4]
(No symbol) [0x005A7A0F]
(No symbol) [0x005DE259]
(No symbol) [0x005DDBBA]
(No symbol) [0x005D6DA6]
(No symbol) [0x005B1034]
(No symbol) [0x005B1F8D]
GetHandleVerifier [0x009E4B1C+820540]
sqlite3_dbdata_init [0x00AA53EE+653550]
sqlite3_dbdata_init [0x00AA4E09+652041]
sqlite3_dbdata_init [0x00A997CC+605388]
sqlite3_dbdata_init [0x00AA5D9B+656027]
(No symbol) [0x0087FE6C]
(No symbol) [0x008783B8]
(No symbol) [0x008784DD]
(No symbol) [0x00865818]
BaseThreadInitThunk [0x758D7BA9+25]
RtlInitializeExceptionChain [0x7738BE3B+107]
RtlClearBits [0x7738BDBF+191]

at org.openqa.selenium.remote.W3CHandshakeResponse.lambda$errorHandler$0(W3CHandshakeResponse.java:62)
at org.openqa.selenium.remote.HandshakeResponse.lambda$getResponseFunction$0(HandshakeResponse.java:30)
at org.openqa.selenium.remote.ProtocolHandshake.lambda$createSession$0(ProtocolHandshake.java:126)
at java.base/java.util.stream.ReferencePipeline$3$1.accept(ReferencePipeline.java:197)
at java.base/java.util.Spliterators$ArraySpliterator.tryAdvance(Spliterators.java:1002)
at java.base/java.util.stream.ReferencePipeline.forEachWithCancel(ReferencePipeline.java:129)
at java.base/java.util.stream.AbstractPipeline.copyIntoWithCancel(AbstractPipeline.java:527)
at java.base/java.util.stream.AbstractPipeline.copyInto(AbstractPipeline.java:513)
at java.base/java.util.stream.AbstractPipeline.wrapAndCopyInto(AbstractPipeline.java:499)
at java.base/java.util.stream.FindOps$FindOp.evaluateSequential(FindOps.java:150)
at java.base/java.util.stream.AbstractPipeline.evaluate(AbstractPipeline.java:234)
at java.base/java.util.stream.ReferencePipeline.findFirst(ReferencePipeline.java:647)
at org.openqa.selenium.remote.ProtocolHandshake.createSession(ProtocolHandshake.java:128)
at org.openqa.selenium.remote.ProtocolHandshake.createSession(ProtocolHandshake.java:74)
at org.openqa.selenium.remote.HttpCommandExecutor.execute(HttpCommandExecutor.java:136)
at org.openqa.selenium.remote.service.DriverCommandExecutor.execute(DriverCommandExecutor.java:83)
at org.openqa.selenium.remote.RemoteWebDriver.execute(RemoteWebDriver.java:552)
at org.openqa.selenium.remote.RemoteWebDriver.startSession(RemoteWebDriver.java:213)
at org.openqa.selenium.remote.RemoteWebDriver.<init>(RemoteWebDriver.java:131)
at org.openqa.selenium.chrome.ChromeDriver.<init>(ChromeDriver.java:181)
at org.openqa.selenium.chrome.ChromeDriver.<init>(ChromeDriver.java:168)
at org.openqa.selenium.chrome.ChromeDriver.<init>(ChromeDriver.java:123)
at bastisapp.base.BaseTest.launchBrowser(BaseTest.java:49)
at java.base/java.util.ArrayList.forEach(ArrayList.java:1511)
... Removed 36 stack frames]]>
    </failure>
  </testcase> <!-- @BeforeMethod launchBrowser -->
  <testcase classname="bastisapp.base.BaseTest" name="@BeforeMethod launchApplication" time="0.0">
    <skipped/>
  </testcase> <!-- @BeforeMethod launchApplication -->
  <testcase classname="bastisapp.base.BaseTest" name="@AfterMethod closeBrowser" time="0.0">
    <skipped/>
  </testcase> <!-- @AfterMethod closeBrowser -->
  <testcase classname="bastisapp.tests.HomeTest" name="verifyMultiRestaurantImg" time="0.0">
    <skipped/>
  </testcase> <!-- verifyMultiRestaurantImg -->
  <testcase classname="bastisapp.tests.HomeTest" name="verifyCopyMessage" time="0.0">
    <skipped/>
  </testcase> <!-- verifyCopyMessage -->
  <testcase classname="bastisapp.tests.BurgersTest" name="verifyBurgerPage" time="0.001">
    <skipped/>
  </testcase> <!-- verifyBurgerPage -->
  <testcase classname="bastisapp.tests.SteakTest" name="verifyBurgerPage" time="0.0">
    <skipped/>
  </testcase> <!-- verifyBurgerPage -->
  <testcase classname="bastisapp.tests.VegetarianTest" name="verifyVegetarianPage" time="0.0">
    <skipped/>
  </testcase> <!-- verifyVegetarianPage -->
  <testcase classname="bastisapp.tests.PizzaTest" name="verifyPizzaPage" time="0.0">
    <skipped/>
  </testcase> <!-- verifyPizzaPage -->
  <testcase classname="bastisapp.tests.KoreanTest" name="verifyKoreanPage" time="0.0">
    <skipped/>
  </testcase> <!-- verifyKoreanPage -->
  <testcase classname="bastisapp.tests.HealthyTest" name="verifyHealthyPage" time="0.0">
    <skipped/>
  </testcase> <!-- verifyHealthyPage -->
  <testcase classname="bastisapp.tests.ThaiTest" name="VerifyThaiPage" time="0.0">
    <skipped/>
  </testcase> <!-- VerifyThaiPage -->
  <testcase classname="bastisapp.base.BaseTest" name="@AfterSuite tearDown" time="0.0">
    <ignored/>
  </testcase> <!-- @AfterSuite tearDown -->
  <testcase classname="bastisapp.base.BaseTest" name="@AfterSuite tearDown" time="0.0">
    <ignored/>
  </testcase> <!-- @AfterSuite tearDown -->
  <testcase classname="bastisapp.base.BaseTest" name="@AfterSuite tearDown" time="0.0">
    <ignored/>
  </testcase> <!-- @AfterSuite tearDown -->
  <testcase classname="bastisapp.base.BaseTest" name="@BeforeSuite intialize" time="0.0">
    <ignored/>
  </testcase> <!-- @BeforeSuite intialize -->
  <testcase classname="bastisapp.base.BaseTest" name="@BeforeSuite intialize" time="0.0">
    <ignored/>
  </testcase> <!-- @BeforeSuite intialize -->
  <testcase classname="bastisapp.base.BaseTest" name="@BeforeSuite intialize" time="0.0">
    <ignored/>
  </testcase> <!-- @BeforeSuite intialize -->
  <testcase classname="bastisapp.base.BaseTest" name="@BeforeSuite intialize" time="0.0">
    <ignored/>
  </testcase> <!-- @BeforeSuite intialize -->
  <testcase classname="bastisapp.base.BaseTest" name="@BeforeSuite intialize" time="0.0">
    <ignored/>
  </testcase> <!-- @BeforeSuite intialize -->
  <testcase classname="bastisapp.base.BaseTest" name="@BeforeSuite intialize" time="0.0">
    <ignored/>
  </testcase> <!-- @BeforeSuite intialize -->
  <testcase classname="bastisapp.base.BaseTest" name="@AfterSuite tearDown" time="0.0">
    <ignored/>
  </testcase> <!-- @AfterSuite tearDown -->
  <testcase classname="bastisapp.base.BaseTest" name="@AfterSuite tearDown" time="0.0">
    <ignored/>
  </testcase> <!-- @AfterSuite tearDown -->
  <testcase classname="bastisapp.base.BaseTest" name="@AfterSuite tearDown" time="0.0">
    <ignored/>
  </testcase> <!-- @AfterSuite tearDown -->
  <testcase classname="bastisapp.base.BaseTest" name="@BeforeSuite intialize" time="0.0">
    <ignored/>
  </testcase> <!-- @BeforeSuite intialize -->
  <testcase classname="bastisapp.base.BaseTest" name="@BeforeSuite intialize" time="0.0">
    <ignored/>
  </testcase> <!-- @BeforeSuite intialize -->
  <testcase classname="bastisapp.base.BaseTest" name="@AfterSuite tearDown" time="0.0">
    <ignored/>
  </testcase> <!-- @AfterSuite tearDown -->
  <testcase classname="bastisapp.base.BaseTest" name="@AfterSuite tearDown" time="0.0">
    <ignored/>
  </testcase> <!-- @AfterSuite tearDown -->
</testsuite> <!-- Test -->
